[ 2016-04-29T10:37:29+08:00 ] 127.0.0.1 /ypicloud/index.php
INFO: [ app_init ] --START--
INFO: Run Behavior\BuildLiteBehavior [ RunTime:0.000000s ]
INFO: [ app_init ] --END-- [ RunTime:0.003000s ]
INFO: [ app_begin ] --START--
INFO: Run Behavior\ReadHtmlCacheBehavior [ RunTime:0.001000s ]
INFO: [ app_begin ] --END-- [ RunTime:0.003000s ]
SQL: SHOW COLUMNS FROM `table_liuyan` [ RunTime:0.0680s ]
SQL: SELECT COUNT(*) AS tp_count FROM `table_liuyan` LIMIT 1   [ RunTime:0.0020s ]
SQL: SELECT * FROM `table_liuyan` ORDER BY id desc LIMIT 0,8   [ RunTime:0.0010s ]
INFO: [ view_parse ] --START--
INFO: [ template_filter ] --START--
INFO: Run Behavior\ContentReplaceBehavior [ RunTime:0.009000s ]
INFO: [ template_filter ] --END-- [ RunTime:0.009000s ]
INFO: Run Behavior\ParseTemplateBehavior [ RunTime:0.104000s ]
INFO: [ view_parse ] --END-- [ RunTime:0.104000s ]
INFO: [ view_filter ] --START--
INFO: Run Behavior\WriteHtmlCacheBehavior [ RunTime:0.007000s ]
INFO: [ view_filter ] --END-- [ RunTime:0.007000s ]
INFO: [ app_end ] --START--
INFO: Run Behavior\ShowPageTraceBehavior [ RunTime:0.003000s ]
INFO: [ app_end ] --END-- [ RunTime:0.003000s ]

[ 2016-04-29T10:37:40+08:00 ] 127.0.0.1 /ypicloud/Query/index.html
INFO: [ app_init ] --START--
INFO: Run Behavior\BuildLiteBehavior [ RunTime:0.000000s ]
INFO: [ app_init ] --END-- [ RunTime:0.001000s ]
INFO: [ app_begin ] --START--
INFO: Run Behavior\ReadHtmlCacheBehavior [ RunTime:0.000000s ]
INFO: [ app_begin ] --END-- [ RunTime:0.001000s ]
INFO: [ view_parse ] --START--
INFO: [ template_filter ] --START--
INFO: Run Behavior\ContentReplaceBehavior [ RunTime:0.001000s ]
INFO: [ template_filter ] --END-- [ RunTime:0.001000s ]
INFO: Run Behavior\ParseTemplateBehavior [ RunTime:0.028000s ]
INFO: [ view_parse ] --END-- [ RunTime:0.028000s ]
INFO: [ view_filter ] --START--
INFO: Run Behavior\WriteHtmlCacheBehavior [ RunTime:0.001000s ]
INFO: [ view_filter ] --END-- [ RunTime:0.001000s ]
INFO: [ app_end ] --START--
INFO: Run Behavior\ShowPageTraceBehavior [ RunTime:0.001000s ]
INFO: [ app_end ] --END-- [ RunTime:0.001000s ]

[ 2016-04-29T10:37:41+08:00 ] 127.0.0.1 /ypicloud/Toutiao/index.html
INFO: [ app_init ] --START--
INFO: Run Behavior\BuildLiteBehavior [ RunTime:0.000000s ]
INFO: [ app_init ] --END-- [ RunTime:0.001000s ]
INFO: [ app_begin ] --START--
INFO: Run Behavior\ReadHtmlCacheBehavior [ RunTime:0.001000s ]
INFO: [ app_begin ] --END-- [ RunTime:0.001000s ]
SQL: SHOW COLUMNS FROM `table_fenlei` [ RunTime:0.0200s ]
SQL: SELECT * FROM `table_fenlei` WHERE ( id =2 ) LIMIT 1   [ RunTime:0.0170s ]
SQL: SHOW COLUMNS FROM `table_article` [ RunTime:0.0250s ]
SQL: SELECT COUNT(*) AS tp_count FROM `table_article` WHERE ( fid = '2' AND status = 0 ) LIMIT 1   [ RunTime:0.0250s ]
SQL: SELECT * FROM `table_article` WHERE ( fid = '2' AND status = 0 ) ORDER BY id desc LIMIT 0,6   [ RunTime:0.0010s ]
SQL: SHOW COLUMNS FROM `table_user` [ RunTime:0.0280s ]
SQL: SELECT * FROM `table_user` WHERE ( 1=1 AND id='14' ) LIMIT 1   [ RunTime:0.0130s ]
SQL: SHOW COLUMNS FROM `table_fenlei` [ RunTime:0.0060s ]
SQL: SELECT * FROM `table_fenlei` WHERE ( 1=1 AND id='2' ) LIMIT 1   [ RunTime:0.0000s ]
SQL: SELECT * FROM `table_user` WHERE ( 1=1 AND id='14' ) LIMIT 1   [ RunTime:0.0010s ]
SQL: SELECT * FROM `table_fenlei` WHERE ( 1=1 AND id='2' ) LIMIT 1   [ RunTime:0.0000s ]
SQL: SELECT * FROM `table_user` WHERE ( 1=1 AND id='14' ) LIMIT 1   [ RunTime:0.0000s ]
SQL: SELECT * FROM `table_fenlei` WHERE ( 1=1 AND id='2' ) LIMIT 1   [ RunTime:0.0000s ]
SQL: SELECT * FROM `table_user` WHERE ( 1=1 AND id='14' ) LIMIT 1   [ RunTime:0.0000s ]
SQL: SELECT * FROM `table_fenlei` WHERE ( 1=1 AND id='2' ) LIMIT 1   [ RunTime:0.0010s ]
SQL: SELECT * FROM `table_user` WHERE ( 1=1 AND id='14' ) LIMIT 1   [ RunTime:0.0000s ]
SQL: SELECT * FROM `table_fenlei` WHERE ( 1=1 AND id='2' ) LIMIT 1   [ RunTime:0.0010s ]
SQL: SELECT * FROM `table_user` WHERE ( 1=1 AND id='14' ) LIMIT 1   [ RunTime:0.0000s ]
SQL: SELECT * FROM `table_fenlei` WHERE ( 1=1 AND id='2' ) LIMIT 1   [ RunTime:0.0010s ]
INFO: [ view_parse ] --START--
INFO: [ template_filter ] --START--
INFO: Run Behavior\ContentReplaceBehavior [ RunTime:0.001000s ]
INFO: [ template_filter ] --END-- [ RunTime:0.001000s ]
INFO: Run Behavior\ParseTemplateBehavior [ RunTime:0.123000s ]
INFO: [ view_parse ] --END-- [ RunTime:0.124000s ]
INFO: [ view_filter ] --START--
INFO: Run Behavior\WriteHtmlCacheBehavior [ RunTime:0.000000s ]
INFO: [ view_filter ] --END-- [ RunTime:0.000000s ]
INFO: [ app_end ] --START--
INFO: Run Behavior\ShowPageTraceBehavior [ RunTime:0.001000s ]
INFO: [ app_end ] --END-- [ RunTime:0.001000s ]

[ 2016-04-29T10:37:43+08:00 ] 127.0.0.1 /ypicloud/Zhaopin/index.html
INFO: [ app_init ] --START--
INFO: Run Behavior\BuildLiteBehavior [ RunTime:0.000000s ]
INFO: [ app_init ] --END-- [ RunTime:0.000000s ]
INFO: [ app_begin ] --START--
INFO: Run Behavior\ReadHtmlCacheBehavior [ RunTime:0.001000s ]
INFO: [ app_begin ] --END-- [ RunTime:0.001000s ]
SQL: SHOW COLUMNS FROM `table_fenlei` [ RunTime:0.0030s ]
SQL: SELECT * FROM `table_fenlei` WHERE ( id =3 ) LIMIT 1   [ RunTime:0.0010s ]
SQL: SHOW COLUMNS FROM `table_article` [ RunTime:0.0020s ]
SQL: SELECT COUNT(*) AS tp_count FROM `table_article` WHERE ( fid = '3' AND status = 0 ) LIMIT 1   [ RunTime:0.0000s ]
SQL: SELECT * FROM `table_article` WHERE ( fid = '3' AND status = 0 ) ORDER BY id desc LIMIT 0,4   [ RunTime:0.0000s ]
SQL: SHOW COLUMNS FROM `table_user` [ RunTime:0.0020s ]
SQL: SELECT * FROM `table_user` WHERE ( 1=1 AND id='14' ) LIMIT 1   [ RunTime:0.0000s ]
SQL: SHOW COLUMNS FROM `table_fenlei` [ RunTime:0.0020s ]
SQL: SELECT * FROM `table_fenlei` WHERE ( 1=1 AND id='3' ) LIMIT 1   [ RunTime:0.0000s ]
SQL: SELECT * FROM `table_user` WHERE ( 1=1 AND id='14' ) LIMIT 1   [ RunTime:0.0010s ]
SQL: SELECT * FROM `table_fenlei` WHERE ( 1=1 AND id='3' ) LIMIT 1   [ RunTime:0.0000s ]
SQL: SELECT * FROM `table_user` WHERE ( 1=1 AND id='14' ) LIMIT 1   [ RunTime:0.0000s ]
SQL: SELECT * FROM `table_fenlei` WHERE ( 1=1 AND id='3' ) LIMIT 1   [ RunTime:0.0010s ]
SQL: SELECT * FROM `table_user` WHERE ( 1=1 AND id='14' ) LIMIT 1   [ RunTime:0.0000s ]
SQL: SELECT * FROM `table_fenlei` WHERE ( 1=1 AND id='3' ) LIMIT 1   [ RunTime:0.0000s ]
INFO: [ view_parse ] --START--
INFO: [ template_filter ] --START--
INFO: Run Behavior\ContentReplaceBehavior [ RunTime:0.000000s ]
INFO: [ template_filter ] --END-- [ RunTime:0.000000s ]
INFO: Run Behavior\ParseTemplateBehavior [ RunTime:0.047000s ]
INFO: [ view_parse ] --END-- [ RunTime:0.047000s ]
INFO: [ view_filter ] --START--
INFO: Run Behavior\WriteHtmlCacheBehavior [ RunTime:0.000000s ]
INFO: [ view_filter ] --END-- [ RunTime:0.001000s ]
INFO: [ app_end ] --START--
INFO: Run Behavior\ShowPageTraceBehavior [ RunTime:0.001000s ]
INFO: [ app_end ] --END-- [ RunTime:0.001000s ]

[ 2016-04-29T10:37:45+08:00 ] 127.0.0.1 /ypicloud/Jiangtan/index.html
INFO: [ app_init ] --START--
INFO: Run Behavior\BuildLiteBehavior [ RunTime:0.000000s ]
INFO: [ app_init ] --END-- [ RunTime:0.001000s ]
INFO: [ app_begin ] --START--
INFO: Run Behavior\ReadHtmlCacheBehavior [ RunTime:0.001000s ]
INFO: [ app_begin ] --END-- [ RunTime:0.002000s ]
SQL: SHOW COLUMNS FROM `table_fenlei` [ RunTime:0.0040s ]
SQL: SELECT * FROM `table_fenlei` WHERE ( id =4 ) LIMIT 1   [ RunTime:0.0010s ]
SQL: SHOW COLUMNS FROM `table_article` [ RunTime:0.0030s ]
SQL: SELECT COUNT(*) AS tp_count FROM `table_article` WHERE ( fid = '4' AND status = 0 ) LIMIT 1   [ RunTime:0.0000s ]
SQL: SELECT * FROM `table_article` WHERE ( fid = '4' AND status = 0 ) ORDER BY id desc LIMIT 0,4   [ RunTime:0.0000s ]
SQL: SHOW COLUMNS FROM `table_user` [ RunTime:0.0030s ]
SQL: SELECT * FROM `table_user` WHERE ( 1=1 AND id='14' ) LIMIT 1   [ RunTime:0.0000s ]
SQL: SHOW COLUMNS FROM `table_fenlei` [ RunTime:0.0030s ]
SQL: SELECT * FROM `table_fenlei` WHERE ( 1=1 AND id='4' ) LIMIT 1   [ RunTime:0.0000s ]
SQL: SELECT * FROM `table_user` WHERE ( 1=1 AND id='14' ) LIMIT 1   [ RunTime:0.0000s ]
SQL: SELECT * FROM `table_fenlei` WHERE ( 1=1 AND id='4' ) LIMIT 1   [ RunTime:0.0000s ]
SQL: SELECT * FROM `table_user` WHERE ( 1=1 AND id='14' ) LIMIT 1   [ RunTime:0.0000s ]
SQL: SELECT * FROM `table_fenlei` WHERE ( 1=1 AND id='4' ) LIMIT 1   [ RunTime:0.0010s ]
SQL: SELECT * FROM `table_user` WHERE ( 1=1 AND id='14' ) LIMIT 1   [ RunTime:0.0000s ]
SQL: SELECT * FROM `table_fenlei` WHERE ( 1=1 AND id='4' ) LIMIT 1   [ RunTime:0.0000s ]
INFO: [ view_parse ] --START--
INFO: [ template_filter ] --START--
INFO: Run Behavior\ContentReplaceBehavior [ RunTime:0.000000s ]
INFO: [ template_filter ] --END-- [ RunTime:0.001000s ]
INFO: Run Behavior\ParseTemplateBehavior [ RunTime:0.045000s ]
INFO: [ view_parse ] --END-- [ RunTime:0.045000s ]
INFO: [ view_filter ] --START--
INFO: Run Behavior\WriteHtmlCacheBehavior [ RunTime:0.000000s ]
INFO: [ view_filter ] --END-- [ RunTime:0.001000s ]
INFO: [ app_end ] --START--
INFO: Run Behavior\ShowPageTraceBehavior [ RunTime:0.000000s ]
INFO: [ app_end ] --END-- [ RunTime:0.001000s ]

[ 2016-04-29T10:37:47+08:00 ] 127.0.0.1 /ypicloud/Index/index.html
INFO: [ app_init ] --START--
INFO: Run Behavior\BuildLiteBehavior [ RunTime:0.000000s ]
INFO: [ app_init ] --END-- [ RunTime:0.001000s ]
INFO: [ app_begin ] --START--
INFO: Run Behavior\ReadHtmlCacheBehavior [ RunTime:0.001000s ]
INFO: [ app_begin ] --END-- [ RunTime:0.002000s ]
SQL: SHOW COLUMNS FROM `table_liuyan` [ RunTime:0.0020s ]
SQL: SELECT COUNT(*) AS tp_count FROM `table_liuyan` LIMIT 1   [ RunTime:0.0000s ]
SQL: SELECT * FROM `table_liuyan` ORDER BY id desc LIMIT 0,8   [ RunTime:0.0000s ]
INFO: [ view_parse ] --START--
INFO: [ template_filter ] --START--
INFO: Run Behavior\ContentReplaceBehavior [ RunTime:0.001000s ]
INFO: [ template_filter ] --END-- [ RunTime:0.001000s ]
INFO: Run Behavior\ParseTemplateBehavior [ RunTime:0.015000s ]
INFO: [ view_parse ] --END-- [ RunTime:0.015000s ]
INFO: [ view_filter ] --START--
INFO: Run Behavior\WriteHtmlCacheBehavior [ RunTime:0.001000s ]
INFO: [ view_filter ] --END-- [ RunTime:0.001000s ]
INFO: [ app_end ] --START--
INFO: Run Behavior\ShowPageTraceBehavior [ RunTime:0.001000s ]
INFO: [ app_end ] --END-- [ RunTime:0.001000s ]

[ 2016-04-29T10:47:53+08:00 ] 127.0.0.1 /ypicloud/Index/index.html
INFO: [ app_init ] --START--
INFO: Run Behavior\BuildLiteBehavior [ RunTime:0.000000s ]
INFO: [ app_init ] --END-- [ RunTime:0.001000s ]
INFO: [ app_begin ] --START--
INFO: Run Behavior\ReadHtmlCacheBehavior [ RunTime:0.001000s ]
INFO: [ app_begin ] --END-- [ RunTime:0.001000s ]
SQL: SHOW COLUMNS FROM `table_liuyan` [ RunTime:0.0030s ]
SQL: SELECT COUNT(*) AS tp_count FROM `table_liuyan` LIMIT 1   [ RunTime:0.0000s ]
SQL: SELECT * FROM `table_liuyan` ORDER BY id desc LIMIT 0,8   [ RunTime:0.0000s ]
INFO: [ view_parse ] --START--
INFO: [ template_filter ] --START--
INFO: Run Behavior\ContentReplaceBehavior [ RunTime:0.000000s ]
INFO: [ template_filter ] --END-- [ RunTime:0.000000s ]
INFO: Run Behavior\ParseTemplateBehavior [ RunTime:0.017000s ]
INFO: [ view_parse ] --END-- [ RunTime:0.018000s ]
INFO: [ view_filter ] --START--
INFO: Run Behavior\WriteHtmlCacheBehavior [ RunTime:0.000000s ]
INFO: [ view_filter ] --END-- [ RunTime:0.000000s ]
INFO: [ app_end ] --START--
INFO: Run Behavior\ShowPageTraceBehavior [ RunTime:0.001000s ]
INFO: [ app_end ] --END-- [ RunTime:0.001000s ]

[ 2016-04-29T10:50:53+08:00 ] 172.22.21.4 /ypicloud/
INFO: [ app_init ] --START--
INFO: Run Behavior\BuildLiteBehavior [ RunTime:0.000000s ]
INFO: [ app_init ] --END-- [ RunTime:0.002000s ]
INFO: [ app_begin ] --START--
INFO: Run Behavior\ReadHtmlCacheBehavior [ RunTime:0.002000s ]
INFO: [ app_begin ] --END-- [ RunTime:0.002000s ]
SQL: SHOW COLUMNS FROM `table_liuyan` [ RunTime:0.0030s ]
SQL: SELECT COUNT(*) AS tp_count FROM `table_liuyan` LIMIT 1   [ RunTime:0.0010s ]
SQL: SELECT * FROM `table_liuyan` ORDER BY id desc LIMIT 0,8   [ RunTime:0.0010s ]
INFO: [ view_parse ] --START--
INFO: [ template_filter ] --START--
INFO: Run Behavior\ContentReplaceBehavior [ RunTime:0.000000s ]
INFO: [ template_filter ] --END-- [ RunTime:0.000000s ]
INFO: Run Behavior\ParseTemplateBehavior [ RunTime:0.016000s ]
INFO: [ view_parse ] --END-- [ RunTime:0.016000s ]
INFO: [ view_filter ] --START--
INFO: Run Behavior\WriteHtmlCacheBehavior [ RunTime:0.000000s ]
INFO: [ view_filter ] --END-- [ RunTime:0.000000s ]
INFO: [ app_end ] --START--
INFO: Run Behavior\ShowPageTraceBehavior [ RunTime:0.001000s ]
INFO: [ app_end ] --END-- [ RunTime:0.001000s ]

[ 2016-04-29T10:51:04+08:00 ] 172.22.21.4 /ypicloud/Toutiao/index.html
INFO: [ app_init ] --START--
INFO: Run Behavior\BuildLiteBehavior [ RunTime:0.000000s ]
INFO: [ app_init ] --END-- [ RunTime:0.001000s ]
INFO: [ app_begin ] --START--
INFO: Run Behavior\ReadHtmlCacheBehavior [ RunTime:0.001000s ]
INFO: [ app_begin ] --END-- [ RunTime:0.001000s ]
SQL: SHOW COLUMNS FROM `table_fenlei` [ RunTime:0.0030s ]
SQL: SELECT * FROM `table_fenlei` WHERE ( id =2 ) LIMIT 1   [ RunTime:0.0000s ]
SQL: SHOW COLUMNS FROM `table_article` [ RunTime:0.0030s ]
SQL: SELECT COUNT(*) AS tp_count FROM `table_article` WHERE ( fid = '2' AND status = 0 ) LIMIT 1   [ RunTime:0.0000s ]
SQL: SELECT * FROM `table_article` WHERE ( fid = '2' AND status = 0 ) ORDER BY id desc LIMIT 0,6   [ RunTime:0.0000s ]
SQL: SHOW COLUMNS FROM `table_user` [ RunTime:0.0020s ]
SQL: SELECT * FROM `table_user` WHERE ( 1=1 AND id='14' ) LIMIT 1   [ RunTime:0.0000s ]
SQL: SHOW COLUMNS FROM `table_fenlei` [ RunTime:0.0020s ]
SQL: SELECT * FROM `table_fenlei` WHERE ( 1=1 AND id='2' ) LIMIT 1   [ RunTime:0.0010s ]
SQL: SELECT * FROM `table_user` WHERE ( 1=1 AND id='14' ) LIMIT 1   [ RunTime:0.0010s ]
SQL: SELECT * FROM `table_fenlei` WHERE ( 1=1 AND id='2' ) LIMIT 1   [ RunTime:0.0000s ]
SQL: SELECT * FROM `table_user` WHERE ( 1=1 AND id='14' ) LIMIT 1   [ RunTime:0.0000s ]
SQL: SELECT * FROM `table_fenlei` WHERE ( 1=1 AND id='2' ) LIMIT 1   [ RunTime:0.0000s ]
SQL: SELECT * FROM `table_user` WHERE ( 1=1 AND id='14' ) LIMIT 1   [ RunTime:0.0000s ]
SQL: SELECT * FROM `table_fenlei` WHERE ( 1=1 AND id='2' ) LIMIT 1   [ RunTime:0.0000s ]
SQL: SELECT * FROM `table_user` WHERE ( 1=1 AND id='14' ) LIMIT 1   [ RunTime:0.0010s ]
SQL: SELECT * FROM `table_fenlei` WHERE ( 1=1 AND id='2' ) LIMIT 1   [ RunTime:0.0010s ]
SQL: SELECT * FROM `table_user` WHERE ( 1=1 AND id='14' ) LIMIT 1   [ RunTime:0.0000s ]
SQL: SELECT * FROM `table_fenlei` WHERE ( 1=1 AND id='2' ) LIMIT 1   [ RunTime:0.0000s ]
INFO: [ view_parse ] --START--
INFO: [ template_filter ] --START--
INFO: Run Behavior\ContentReplaceBehavior [ RunTime:0.000000s ]
INFO: [ template_filter ] --END-- [ RunTime:0.000000s ]
INFO: Run Behavior\ParseTemplateBehavior [ RunTime:0.026000s ]
INFO: [ view_parse ] --END-- [ RunTime:0.026000s ]
INFO: [ view_filter ] --START--
INFO: Run Behavior\WriteHtmlCacheBehavior [ RunTime:0.001000s ]
INFO: [ view_filter ] --END-- [ RunTime:0.001000s ]
INFO: [ app_end ] --START--
INFO: Run Behavior\ShowPageTraceBehavior [ RunTime:0.000000s ]
INFO: [ app_end ] --END-- [ RunTime:0.001000s ]

[ 2016-04-29T10:51:41+08:00 ] 172.22.21.4 /ypicloud/Article/index/id/38.html
INFO: [ app_init ] --START--
INFO: Run Behavior\BuildLiteBehavior [ RunTime:0.000000s ]
INFO: [ app_init ] --END-- [ RunTime:0.001000s ]
INFO: [ app_begin ] --START--
INFO: Run Behavior\ReadHtmlCacheBehavior [ RunTime:0.002000s ]
INFO: [ app_begin ] --END-- [ RunTime:0.002000s ]
SQL: SHOW COLUMNS FROM `table_fenlei` [ RunTime:0.0040s ]
SQL: SELECT * FROM `table_fenlei` WHERE ( fid = 0 )  [ RunTime:0.0010s ]
SQL: SELECT * FROM `table_fenlei` WHERE ( fid != 0 )  [ RunTime:0.0010s ]
SQL: SHOW COLUMNS FROM `table_site` [ RunTime:0.0270s ]
SQL: SELECT * FROM `table_site` WHERE `id` = 1 LIMIT 1   [ RunTime:0.0010s ]
SQL: SHOW COLUMNS FROM `table_email_set` [ RunTime:0.0060s ]
SQL: SELECT * FROM `table_email_set` WHERE `id` = 1 LIMIT 1   [ RunTime:0.0000s ]
SQL: SHOW COLUMNS FROM `table_article` [ RunTime:0.0020s ]
SQL: SELECT * FROM `table_article` WHERE ( id = 38 ) LIMIT 1   [ RunTime:0.0000s ]
SQL: SHOW COLUMNS FROM `table_user` [ RunTime:0.0020s ]
SQL: UPDATE `table_article` SET `view`=view+1 WHERE ( id = 38 ) [ RunTime:0.0220s ]
SQL: SELECT * FROM `table_user` WHERE ( id = 14 ) LIMIT 1   [ RunTime:0.0000s ]
SQL: SHOW COLUMNS FROM `table_userinfo` [ RunTime:0.0140s ]
SQL: SELECT * FROM `table_userinfo` WHERE ( 1=1 AND uid='14' ) LIMIT 1   [ RunTime:0.0140s ]
SQL: SELECT * FROM `table_fenlei` WHERE ( id = 2 ) LIMIT 1   [ RunTime:0.0000s ]
SQL: SELECT COUNT(*) AS tp_count FROM `table_article` WHERE ( uid = 14 AND status = 0 ) LIMIT 1   [ RunTime:0.0000s ]
SQL: SELECT * FROM `table_article` WHERE ( uid = 14 AND status = 0 ) ORDER BY id desc LIMIT 5   [ RunTime:0.0000s ]
INFO: [ view_parse ] --START--
INFO: [ template_filter ] --START--
INFO: Run Behavior\ContentReplaceBehavior [ RunTime:0.000000s ]
INFO: [ template_filter ] --END-- [ RunTime:0.000000s ]
NOTIC: [8] Undefined variable: islogin D:\AWamp\wamp\www\ypicloud\App\Runtime\Cache\Home\cfe01869af6be3c3877604696cf02b80.php 第 55 行.
NOTIC: [8] Undefined index: mid D:\AWamp\wamp\www\ypicloud\App\Runtime\Cache\Home\cfe01869af6be3c3877604696cf02b80.php 第 338 行.
NOTIC: [8] Undefined index: mid D:\AWamp\wamp\www\ypicloud\App\Runtime\Cache\Home\cfe01869af6be3c3877604696cf02b80.php 第 344 行.
INFO: Run Behavior\ParseTemplateBehavior [ RunTime:0.033000s ]
INFO: [ view_parse ] --END-- [ RunTime:0.033000s ]
INFO: [ view_filter ] --START--
INFO: Run Behavior\WriteHtmlCacheBehavior [ RunTime:0.000000s ]
INFO: [ view_filter ] --END-- [ RunTime:0.000000s ]
INFO: [ app_end ] --START--
INFO: Run Behavior\ShowPageTraceBehavior [ RunTime:0.000000s ]
INFO: [ app_end ] --END-- [ RunTime:0.000000s ]

[ 2016-04-29T10:51:43+08:00 ] 172.22.21.4 /ypicloud/Article/getReplay
INFO: [ app_init ] --START--
INFO: Run Behavior\BuildLiteBehavior [ RunTime:0.000000s ]
INFO: [ app_init ] --END-- [ RunTime:0.001000s ]
INFO: [ app_begin ] --START--
INFO: Run Behavior\ReadHtmlCacheBehavior [ RunTime:0.000000s ]
INFO: [ app_begin ] --END-- [ RunTime:0.001000s ]
SQL: SHOW COLUMNS FROM `table_fenlei` [ RunTime:0.0030s ]
SQL: SELECT * FROM `table_fenlei` WHERE ( fid = 0 )  [ RunTime:0.0010s ]
SQL: SELECT * FROM `table_fenlei` WHERE ( fid != 0 )  [ RunTime:0.0000s ]
SQL: SHOW COLUMNS FROM `table_site` [ RunTime:0.0020s ]
SQL: SELECT * FROM `table_site` WHERE `id` = 1 LIMIT 1   [ RunTime:0.0000s ]
SQL: SHOW COLUMNS FROM `table_email_set` [ RunTime:0.0020s ]
SQL: SELECT * FROM `table_email_set` WHERE `id` = 1 LIMIT 1   [ RunTime:0.0000s ]
SQL: SHOW COLUMNS FROM `table_comment` [ RunTime:0.0030s ]
SQL: SELECT * FROM `table_comment` WHERE ( aid = 38 ) LIMIT 0,6   [ RunTime:0.0000s ]
SQL: SHOW COLUMNS FROM `table_userinfo` [ RunTime:0.0020s ]
SQL: SELECT * FROM `table_userinfo` WHERE ( 1=1 AND uid='14' ) LIMIT 1   [ RunTime:0.0000s ]
SQL: SELECT * FROM `table_userinfo` WHERE ( 1=1 AND uid='14' ) LIMIT 1   [ RunTime:0.0000s ]
SQL: SELECT * FROM `table_userinfo` WHERE ( 1=1 AND uid='14' ) LIMIT 1   [ RunTime:0.0000s ]
SQL: SELECT * FROM `table_userinfo` WHERE ( 1=1 AND uid='14' ) LIMIT 1   [ RunTime:0.0000s ]
SQL: SELECT * FROM `table_userinfo` WHERE ( 1=1 AND uid='14' ) LIMIT 1   [ RunTime:0.0010s ]
SQL: SELECT * FROM `table_userinfo` WHERE ( 1=1 AND uid='14' ) LIMIT 1   [ RunTime:0.0000s ]

[ 2016-04-29T10:51:44+08:00 ] 172.22.21.4 /ypicloud/Article/index/id/38.html
INFO: [ app_init ] --START--
INFO: Run Behavior\BuildLiteBehavior [ RunTime:0.000000s ]
INFO: [ app_init ] --END-- [ RunTime:0.001000s ]
INFO: [ app_begin ] --START--
INFO: Run Behavior\ReadHtmlCacheBehavior [ RunTime:0.001000s ]
INFO: [ app_begin ] --END-- [ RunTime:0.001000s ]
SQL: SHOW COLUMNS FROM `table_fenlei` [ RunTime:0.0020s ]
SQL: SELECT * FROM `table_fenlei` WHERE ( fid = 0 )  [ RunTime:0.0000s ]
SQL: SELECT * FROM `table_fenlei` WHERE ( fid != 0 )  [ RunTime:0.0000s ]
SQL: SHOW COLUMNS FROM `table_site` [ RunTime:0.0010s ]
SQL: SELECT * FROM `table_site` WHERE `id` = 1 LIMIT 1   [ RunTime:0.0000s ]
SQL: SHOW COLUMNS FROM `table_email_set` [ RunTime:0.0010s ]
SQL: SELECT * FROM `table_email_set` WHERE `id` = 1 LIMIT 1   [ RunTime:0.0000s ]
SQL: SHOW COLUMNS FROM `table_article` [ RunTime:0.0020s ]
SQL: SELECT * FROM `table_article` WHERE ( id = 38 ) LIMIT 1   [ RunTime:0.0000s ]
SQL: SHOW COLUMNS FROM `table_user` [ RunTime:0.0020s ]
SQL: UPDATE `table_article` SET `view`=view+1 WHERE ( id = 38 ) [ RunTime:0.0000s ]
SQL: SELECT * FROM `table_user` WHERE ( id = 14 ) LIMIT 1   [ RunTime:0.0000s ]
SQL: SHOW COLUMNS FROM `table_userinfo` [ RunTime:0.0020s ]
SQL: SELECT * FROM `table_userinfo` WHERE ( 1=1 AND uid='14' ) LIMIT 1   [ RunTime:0.0000s ]
SQL: SELECT * FROM `table_fenlei` WHERE ( id = 2 ) LIMIT 1   [ RunTime:0.0010s ]
SQL: SELECT COUNT(*) AS tp_count FROM `table_article` WHERE ( uid = 14 AND status = 0 ) LIMIT 1   [ RunTime:0.0000s ]
SQL: SELECT * FROM `table_article` WHERE ( uid = 14 AND status = 0 ) ORDER BY id desc LIMIT 5   [ RunTime:0.0000s ]
INFO: [ view_parse ] --START--
INFO: [ template_filter ] --START--
INFO: Run Behavior\ContentReplaceBehavior [ RunTime:0.000000s ]
INFO: [ template_filter ] --END-- [ RunTime:0.000000s ]
NOTIC: [8] Undefined variable: islogin D:\AWamp\wamp\www\ypicloud\App\Runtime\Cache\Home\cfe01869af6be3c3877604696cf02b80.php 第 55 行.
NOTIC: [8] Undefined index: mid D:\AWamp\wamp\www\ypicloud\App\Runtime\Cache\Home\cfe01869af6be3c3877604696cf02b80.php 第 338 行.
NOTIC: [8] Undefined index: mid D:\AWamp\wamp\www\ypicloud\App\Runtime\Cache\Home\cfe01869af6be3c3877604696cf02b80.php 第 344 行.
INFO: Run Behavior\ParseTemplateBehavior [ RunTime:0.025000s ]
INFO: [ view_parse ] --END-- [ RunTime:0.025000s ]
INFO: [ view_filter ] --START--
INFO: Run Behavior\WriteHtmlCacheBehavior [ RunTime:0.001000s ]
INFO: [ view_filter ] --END-- [ RunTime:0.001000s ]
INFO: [ app_end ] --START--
INFO: Run Behavior\ShowPageTraceBehavior [ RunTime:0.001000s ]
INFO: [ app_end ] --END-- [ RunTime:0.001000s ]

[ 2016-04-29T10:51:45+08:00 ] 172.22.21.4 /ypicloud/Article/getReplay
INFO: [ app_init ] --START--
INFO: Run Behavior\BuildLiteBehavior [ RunTime:0.000000s ]
INFO: [ app_init ] --END-- [ RunTime:0.001000s ]
INFO: [ app_begin ] --START--
INFO: Run Behavior\ReadHtmlCacheBehavior [ RunTime:0.000000s ]
INFO: [ app_begin ] --END-- [ RunTime:0.000000s ]
SQL: SHOW COLUMNS FROM `table_fenlei` [ RunTime:0.0020s ]
SQL: SELECT * FROM `table_fenlei` WHERE ( fid = 0 )  [ RunTime:0.0000s ]
SQL: SELECT * FROM `table_fenlei` WHERE ( fid != 0 )  [ RunTime:0.0010s ]
SQL: SHOW COLUMNS FROM `table_site` [ RunTime:0.0020s ]
SQL: SELECT * FROM `table_site` WHERE `id` = 1 LIMIT 1   [ RunTime:0.0000s ]
SQL: SHOW COLUMNS FROM `table_email_set` [ RunTime:0.0020s ]
SQL: SELECT * FROM `table_email_set` WHERE `id` = 1 LIMIT 1   [ RunTime:0.0000s ]
SQL: SHOW COLUMNS FROM `table_comment` [ RunTime:0.0020s ]
SQL: SELECT * FROM `table_comment` WHERE ( aid = 38 ) LIMIT 0,6   [ RunTime:0.0000s ]
SQL: SHOW COLUMNS FROM `table_userinfo` [ RunTime:0.0020s ]
SQL: SELECT * FROM `table_userinfo` WHERE ( 1=1 AND uid='14' ) LIMIT 1   [ RunTime:0.0000s ]
SQL: SELECT * FROM `table_userinfo` WHERE ( 1=1 AND uid='14' ) LIMIT 1   [ RunTime:0.0000s ]
SQL: SELECT * FROM `table_userinfo` WHERE ( 1=1 AND uid='14' ) LIMIT 1   [ RunTime:0.0010s ]
SQL: SELECT * FROM `table_userinfo` WHERE ( 1=1 AND uid='14' ) LIMIT 1   [ RunTime:0.0000s ]
SQL: SELECT * FROM `table_userinfo` WHERE ( 1=1 AND uid='14' ) LIMIT 1   [ RunTime:0.0010s ]
SQL: SELECT * FROM `table_userinfo` WHERE ( 1=1 AND uid='14' ) LIMIT 1   [ RunTime:0.0000s ]

[ 2016-04-29T10:52:57+08:00 ] 172.22.21.188 /ypicloud/
INFO: [ app_init ] --START--
INFO: Run Behavior\BuildLiteBehavior [ RunTime:0.000000s ]
INFO: [ app_init ] --END-- [ RunTime:0.002000s ]
INFO: [ app_begin ] --START--
INFO: Run Behavior\ReadHtmlCacheBehavior [ RunTime:0.001000s ]
INFO: [ app_begin ] --END-- [ RunTime:0.001000s ]
SQL: SHOW COLUMNS FROM `table_liuyan` [ RunTime:0.0030s ]
SQL: SELECT COUNT(*) AS tp_count FROM `table_liuyan` LIMIT 1   [ RunTime:0.0010s ]
SQL: SELECT * FROM `table_liuyan` ORDER BY id desc LIMIT 0,8   [ RunTime:0.0000s ]
INFO: [ view_parse ] --START--
INFO: [ template_filter ] --START--
INFO: Run Behavior\ContentReplaceBehavior [ RunTime:0.000000s ]
INFO: [ template_filter ] --END-- [ RunTime:0.000000s ]
INFO: Run Behavior\ParseTemplateBehavior [ RunTime:0.019000s ]
INFO: [ view_parse ] --END-- [ RunTime:0.019000s ]
INFO: [ view_filter ] --START--
INFO: Run Behavior\WriteHtmlCacheBehavior [ RunTime:0.001000s ]
INFO: [ view_filter ] --END-- [ RunTime:0.001000s ]
INFO: [ app_end ] --START--
INFO: Run Behavior\ShowPageTraceBehavior [ RunTime:0.001000s ]
INFO: [ app_end ] --END-- [ RunTime:0.001000s ]

[ 2016-04-29T10:53:03+08:00 ] 172.22.21.188 /ypicloud/Login/login.html
INFO: [ app_init ] --START--
INFO: Run Behavior\BuildLiteBehavior [ RunTime:0.000000s ]
INFO: [ app_init ] --END-- [ RunTime:0.001000s ]
INFO: [ app_begin ] --START--
INFO: Run Behavior\ReadHtmlCacheBehavior [ RunTime:0.001000s ]
INFO: [ app_begin ] --END-- [ RunTime:0.002000s ]
INFO: [ view_parse ] --START--
INFO: [ template_filter ] --START--
INFO: Run Behavior\ContentReplaceBehavior [ RunTime:0.000000s ]
INFO: [ template_filter ] --END-- [ RunTime:0.001000s ]
INFO: Run Behavior\ParseTemplateBehavior [ RunTime:0.033000s ]
INFO: [ view_parse ] --END-- [ RunTime:0.034000s ]
INFO: [ view_filter ] --START--
INFO: Run Behavior\WriteHtmlCacheBehavior [ RunTime:0.001000s ]
INFO: [ view_filter ] --END-- [ RunTime:0.002000s ]
INFO: [ app_end ] --START--
INFO: Run Behavior\ShowPageTraceBehavior [ RunTime:0.002000s ]
INFO: [ app_end ] --END-- [ RunTime:0.002000s ]

[ 2016-04-29T10:53:13+08:00 ] 172.22.21.188 /ypicloud/Login/denglu.html
INFO: [ app_init ] --START--
INFO: Run Behavior\BuildLiteBehavior [ RunTime:0.000000s ]
INFO: [ app_init ] --END-- [ RunTime:0.002000s ]
INFO: [ app_begin ] --START--
INFO: Run Behavior\ReadHtmlCacheBehavior [ RunTime:0.002000s ]
INFO: [ app_begin ] --END-- [ RunTime:0.002000s ]
SQL: SHOW COLUMNS FROM `table_grade` [ RunTime:0.0310s ]
SQL: SELECT `ypi_code` FROM `table_grade` WHERE `student_id` = '1'  [ RunTime:0.1160s ]
NOTIC: [8] A session had already been started - ignoring session_start() D:\AWamp\wamp\www\ypicloud\ThinkPHP\Common\functions.php 第 1263 行.
INFO: [ view_parse ] --START--
INFO: [ template_filter ] --START--
INFO: Run Behavior\ContentReplaceBehavior [ RunTime:0.000000s ]
INFO: [ template_filter ] --END-- [ RunTime:0.001000s ]
INFO: Run Behavior\ParseTemplateBehavior [ RunTime:0.016000s ]
INFO: [ view_parse ] --END-- [ RunTime:0.016000s ]
INFO: [ view_filter ] --START--
INFO: Run Behavior\WriteHtmlCacheBehavior [ RunTime:0.001000s ]
INFO: [ view_filter ] --END-- [ RunTime:0.001000s ]
INFO: [ app_end ] --START--
INFO: Run Behavior\ShowPageTraceBehavior [ RunTime:0.001000s ]
INFO: [ app_end ] --END-- [ RunTime:0.002000s ]

[ 2016-04-29T10:53:15+08:00 ] 172.22.21.188 /ypicloud/Index/index.html
INFO: [ app_init ] --START--
INFO: Run Behavior\BuildLiteBehavior [ RunTime:0.000000s ]
INFO: [ app_init ] --END-- [ RunTime:0.001000s ]
INFO: [ app_begin ] --START--
INFO: Run Behavior\ReadHtmlCacheBehavior [ RunTime:0.001000s ]
INFO: [ app_begin ] --END-- [ RunTime:0.001000s ]
SQL: SHOW COLUMNS FROM `table_liuyan` [ RunTime:0.0040s ]
SQL: SELECT COUNT(*) AS tp_count FROM `table_liuyan` LIMIT 1   [ RunTime:0.0010s ]
SQL: SELECT * FROM `table_liuyan` ORDER BY id desc LIMIT 0,8   [ RunTime:0.0000s ]
INFO: [ view_parse ] --START--
INFO: [ template_filter ] --START--
INFO: Run Behavior\ContentReplaceBehavior [ RunTime:0.001000s ]
INFO: [ template_filter ] --END-- [ RunTime:0.001000s ]
INFO: Run Behavior\ParseTemplateBehavior [ RunTime:0.026000s ]
INFO: [ view_parse ] --END-- [ RunTime:0.026000s ]
INFO: [ view_filter ] --START--
INFO: Run Behavior\WriteHtmlCacheBehavior [ RunTime:0.001000s ]
INFO: [ view_filter ] --END-- [ RunTime:0.001000s ]
INFO: [ app_end ] --START--
INFO: Run Behavior\ShowPageTraceBehavior [ RunTime:0.001000s ]
INFO: [ app_end ] --END-- [ RunTime:0.001000s ]

[ 2016-04-29T10:53:18+08:00 ] 172.22.21.188 /ypicloud/Login/login.html
INFO: [ app_init ] --START--
INFO: Run Behavior\BuildLiteBehavior [ RunTime:0.000000s ]
INFO: [ app_init ] --END-- [ RunTime:0.001000s ]
INFO: [ app_begin ] --START--
INFO: Run Behavior\ReadHtmlCacheBehavior [ RunTime:0.002000s ]
INFO: [ app_begin ] --END-- [ RunTime:0.002000s ]

[ 2016-04-29T10:53:18+08:00 ] 172.22.21.188 /ypicloud/Index/index.html
INFO: [ app_init ] --START--
INFO: Run Behavior\BuildLiteBehavior [ RunTime:0.000000s ]
INFO: [ app_init ] --END-- [ RunTime:0.002000s ]
INFO: [ app_begin ] --START--
INFO: Run Behavior\ReadHtmlCacheBehavior [ RunTime:0.001000s ]
INFO: [ app_begin ] --END-- [ RunTime:0.002000s ]
SQL: SHOW COLUMNS FROM `table_liuyan` [ RunTime:0.0030s ]
SQL: SELECT COUNT(*) AS tp_count FROM `table_liuyan` LIMIT 1   [ RunTime:0.0010s ]
SQL: SELECT * FROM `table_liuyan` ORDER BY id desc LIMIT 0,8   [ RunTime:0.0000s ]
INFO: [ view_parse ] --START--
INFO: [ template_filter ] --START--
INFO: Run Behavior\ContentReplaceBehavior [ RunTime:0.001000s ]
INFO: [ template_filter ] --END-- [ RunTime:0.001000s ]
INFO: Run Behavior\ParseTemplateBehavior [ RunTime:0.018000s ]
INFO: [ view_parse ] --END-- [ RunTime:0.018000s ]
INFO: [ view_filter ] --START--
INFO: Run Behavior\WriteHtmlCacheBehavior [ RunTime:0.001000s ]
INFO: [ view_filter ] --END-- [ RunTime:0.001000s ]
INFO: [ app_end ] --START--
INFO: Run Behavior\ShowPageTraceBehavior [ RunTime:0.000000s ]
INFO: [ app_end ] --END-- [ RunTime:0.002000s ]

[ 2016-04-29T10:53:21+08:00 ] 172.22.21.188 /ypicloud/Query/index.html
INFO: [ app_init ] --START--
INFO: Run Behavior\BuildLiteBehavior [ RunTime:0.000000s ]
INFO: [ app_init ] --END-- [ RunTime:0.002000s ]
INFO: [ app_begin ] --START--
INFO: Run Behavior\ReadHtmlCacheBehavior [ RunTime:0.002000s ]
INFO: [ app_begin ] --END-- [ RunTime:0.002000s ]
INFO: [ view_parse ] --START--
INFO: [ template_filter ] --START--
INFO: Run Behavior\ContentReplaceBehavior [ RunTime:0.000000s ]
INFO: [ template_filter ] --END-- [ RunTime:0.000000s ]
INFO: Run Behavior\ParseTemplateBehavior [ RunTime:0.016000s ]
INFO: [ view_parse ] --END-- [ RunTime:0.016000s ]
INFO: [ view_filter ] --START--
INFO: Run Behavior\WriteHtmlCacheBehavior [ RunTime:0.000000s ]
INFO: [ view_filter ] --END-- [ RunTime:0.000000s ]
INFO: [ app_end ] --START--
INFO: Run Behavior\ShowPageTraceBehavior [ RunTime:0.000000s ]
INFO: [ app_end ] --END-- [ RunTime:0.001000s ]

[ 2016-04-29T10:53:22+08:00 ] 172.22.21.188 /ypicloud/Toutiao/index.html
INFO: [ app_init ] --START--
INFO: Run Behavior\BuildLiteBehavior [ RunTime:0.000000s ]
INFO: [ app_init ] --END-- [ RunTime:0.001000s ]
INFO: [ app_begin ] --START--
INFO: Run Behavior\ReadHtmlCacheBehavior [ RunTime:0.001000s ]
INFO: [ app_begin ] --END-- [ RunTime:0.001000s ]
SQL: SHOW COLUMNS FROM `table_fenlei` [ RunTime:0.0030s ]
SQL: SELECT * FROM `table_fenlei` WHERE ( id =2 ) LIMIT 1   [ RunTime:0.0000s ]
SQL: SHOW COLUMNS FROM `table_article` [ RunTime:0.0030s ]
SQL: SELECT COUNT(*) AS tp_count FROM `table_article` WHERE ( fid = '2' AND status = 0 ) LIMIT 1   [ RunTime:0.0000s ]
SQL: SELECT * FROM `table_article` WHERE ( fid = '2' AND status = 0 ) ORDER BY id desc LIMIT 0,6   [ RunTime:0.0000s ]
SQL: SHOW COLUMNS FROM `table_user` [ RunTime:0.0030s ]
SQL: SELECT * FROM `table_user` WHERE ( 1=1 AND id='14' ) LIMIT 1   [ RunTime:0.0000s ]
SQL: SHOW COLUMNS FROM `table_fenlei` [ RunTime:0.0020s ]
SQL: SELECT * FROM `table_fenlei` WHERE ( 1=1 AND id='2' ) LIMIT 1   [ RunTime:0.0010s ]
SQL: SELECT * FROM `table_user` WHERE ( 1=1 AND id='14' ) LIMIT 1   [ RunTime:0.0010s ]
SQL: SELECT * FROM `table_fenlei` WHERE ( 1=1 AND id='2' ) LIMIT 1   [ RunTime:0.0000s ]
SQL: SELECT * FROM `table_user` WHERE ( 1=1 AND id='14' ) LIMIT 1   [ RunTime:0.0000s ]
SQL: SELECT * FROM `table_fenlei` WHERE ( 1=1 AND id='2' ) LIMIT 1   [ RunTime:0.0000s ]
SQL: SELECT * FROM `table_user` WHERE ( 1=1 AND id='14' ) LIMIT 1   [ RunTime:0.0000s ]
SQL: SELECT * FROM `table_fenlei` WHERE ( 1=1 AND id='2' ) LIMIT 1   [ RunTime:0.0000s ]
SQL: SELECT * FROM `table_user` WHERE ( 1=1 AND id='14' ) LIMIT 1   [ RunTime:0.0010s ]
SQL: SELECT * FROM `table_fenlei` WHERE ( 1=1 AND id='2' ) LIMIT 1   [ RunTime:0.0010s ]
SQL: SELECT * FROM `table_user` WHERE ( 1=1 AND id='14' ) LIMIT 1   [ RunTime:0.0000s ]
SQL: SELECT * FROM `table_fenlei` WHERE ( 1=1 AND id='2' ) LIMIT 1   [ RunTime:0.0000s ]
INFO: [ view_parse ] --START--
INFO: [ template_filter ] --START--
INFO: Run Behavior\ContentReplaceBehavior [ RunTime:0.000000s ]
INFO: [ template_filter ] --END-- [ RunTime:0.000000s ]
INFO: Run Behavior\ParseTemplateBehavior [ RunTime:0.030000s ]
INFO: [ view_parse ] --END-- [ RunTime:0.030000s ]
INFO: [ view_filter ] --START--
INFO: Run Behavior\WriteHtmlCacheBehavior [ RunTime:0.000000s ]
INFO: [ view_filter ] --END-- [ RunTime:0.000000s ]
INFO: [ app_end ] --START--
INFO: Run Behavior\ShowPageTraceBehavior [ RunTime:0.000000s ]
INFO: [ app_end ] --END-- [ RunTime:0.000000s ]

[ 2016-04-29T10:53:24+08:00 ] 172.22.21.188 /ypicloud/Zhaopin/index.html
INFO: [ app_init ] --START--
INFO: Run Behavior\BuildLiteBehavior [ RunTime:0.000000s ]
INFO: [ app_init ] --END-- [ RunTime:0.001000s ]
INFO: [ app_begin ] --START--
INFO: Run Behavior\ReadHtmlCacheBehavior [ RunTime:0.001000s ]
INFO: [ app_begin ] --END-- [ RunTime:0.001000s ]
SQL: SHOW COLUMNS FROM `table_fenlei` [ RunTime:0.0030s ]
SQL: SELECT * FROM `table_fenlei` WHERE ( id =3 ) LIMIT 1   [ RunTime:0.0000s ]
SQL: SHOW COLUMNS FROM `table_article` [ RunTime:0.0020s ]
SQL: SELECT COUNT(*) AS tp_count FROM `table_article` WHERE ( fid = '3' AND status = 0 ) LIMIT 1   [ RunTime:0.0010s ]
SQL: SELECT * FROM `table_article` WHERE ( fid = '3' AND status = 0 ) ORDER BY id desc LIMIT 0,4   [ RunTime:0.0010s ]
SQL: SHOW COLUMNS FROM `table_user` [ RunTime:0.0030s ]
SQL: SELECT * FROM `table_user` WHERE ( 1=1 AND id='14' ) LIMIT 1   [ RunTime:0.0010s ]
SQL: SHOW COLUMNS FROM `table_fenlei` [ RunTime:0.0030s ]
SQL: SELECT * FROM `table_fenlei` WHERE ( 1=1 AND id='3' ) LIMIT 1   [ RunTime:0.0000s ]
SQL: SELECT * FROM `table_user` WHERE ( 1=1 AND id='14' ) LIMIT 1   [ RunTime:0.0010s ]
SQL: SELECT * FROM `table_fenlei` WHERE ( 1=1 AND id='3' ) LIMIT 1   [ RunTime:0.0010s ]
SQL: SELECT * FROM `table_user` WHERE ( 1=1 AND id='14' ) LIMIT 1   [ RunTime:0.0010s ]
SQL: SELECT * FROM `table_fenlei` WHERE ( 1=1 AND id='3' ) LIMIT 1   [ RunTime:0.0000s ]
SQL: SELECT * FROM `table_user` WHERE ( 1=1 AND id='14' ) LIMIT 1   [ RunTime:0.0000s ]
SQL: SELECT * FROM `table_fenlei` WHERE ( 1=1 AND id='3' ) LIMIT 1   [ RunTime:0.0000s ]
INFO: [ view_parse ] --START--
INFO: [ template_filter ] --START--
INFO: Run Behavior\ContentReplaceBehavior [ RunTime:0.000000s ]
INFO: [ template_filter ] --END-- [ RunTime:0.000000s ]
INFO: Run Behavior\ParseTemplateBehavior [ RunTime:0.036000s ]
INFO: [ view_parse ] --END-- [ RunTime:0.036000s ]
INFO: [ view_filter ] --START--
INFO: Run Behavior\WriteHtmlCacheBehavior [ RunTime:0.000000s ]
INFO: [ view_filter ] --END-- [ RunTime:0.000000s ]
INFO: [ app_end ] --START--
INFO: Run Behavior\ShowPageTraceBehavior [ RunTime:0.000000s ]
INFO: [ app_end ] --END-- [ RunTime:0.000000s ]

[ 2016-04-29T10:53:25+08:00 ] 172.22.21.188 /ypicloud/Jiangtan/index.html
INFO: [ app_init ] --START--
INFO: Run Behavior\BuildLiteBehavior [ RunTime:0.000000s ]
INFO: [ app_init ] --END-- [ RunTime:0.002000s ]
INFO: [ app_begin ] --START--
INFO: Run Behavior\ReadHtmlCacheBehavior [ RunTime:0.002000s ]
INFO: [ app_begin ] --END-- [ RunTime:0.002000s ]
SQL: SHOW COLUMNS FROM `table_fenlei` [ RunTime:0.0030s ]
SQL: SELECT * FROM `table_fenlei` WHERE ( id =4 ) LIMIT 1   [ RunTime:0.0000s ]
SQL: SHOW COLUMNS FROM `table_article` [ RunTime:0.0030s ]
SQL: SELECT COUNT(*) AS tp_count FROM `table_article` WHERE ( fid = '4' AND status = 0 ) LIMIT 1   [ RunTime:0.0010s ]
SQL: SELECT * FROM `table_article` WHERE ( fid = '4' AND status = 0 ) ORDER BY id desc LIMIT 0,4   [ RunTime:0.0000s ]
SQL: SHOW COLUMNS FROM `table_user` [ RunTime:0.0030s ]
SQL: SELECT * FROM `table_user` WHERE ( 1=1 AND id='14' ) LIMIT 1   [ RunTime:0.0000s ]
SQL: SHOW COLUMNS FROM `table_fenlei` [ RunTime:0.0020s ]
SQL: SELECT * FROM `table_fenlei` WHERE ( 1=1 AND id='4' ) LIMIT 1   [ RunTime:0.0000s ]
SQL: SELECT * FROM `table_user` WHERE ( 1=1 AND id='14' ) LIMIT 1   [ RunTime:0.0000s ]
SQL: SELECT * FROM `table_fenlei` WHERE ( 1=1 AND id='4' ) LIMIT 1   [ RunTime:0.0000s ]
SQL: SELECT * FROM `table_user` WHERE ( 1=1 AND id='14' ) LIMIT 1   [ RunTime:0.0000s ]
SQL: SELECT * FROM `table_fenlei` WHERE ( 1=1 AND id='4' ) LIMIT 1   [ RunTime:0.0000s ]
SQL: SELECT * FROM `table_user` WHERE ( 1=1 AND id='14' ) LIMIT 1   [ RunTime:0.0000s ]
SQL: SELECT * FROM `table_fenlei` WHERE ( 1=1 AND id='4' ) LIMIT 1   [ RunTime:0.0010s ]
INFO: [ view_parse ] --START--
INFO: [ template_filter ] --START--
INFO: Run Behavior\ContentReplaceBehavior [ RunTime:0.000000s ]
INFO: [ template_filter ] --END-- [ RunTime:0.000000s ]
INFO: Run Behavior\ParseTemplateBehavior [ RunTime:0.037000s ]
INFO: [ view_parse ] --END-- [ RunTime:0.038000s ]
INFO: [ view_filter ] --START--
INFO: Run Behavior\WriteHtmlCacheBehavior [ RunTime:0.001000s ]
INFO: [ view_filter ] --END-- [ RunTime:0.001000s ]
INFO: [ app_end ] --START--
INFO: Run Behavior\ShowPageTraceBehavior [ RunTime:0.001000s ]
INFO: [ app_end ] --END-- [ RunTime:0.001000s ]

[ 2016-04-29T10:53:32+08:00 ] 172.22.21.188 /ypicloud/Index/index.html
INFO: [ app_init ] --START--
INFO: Run Behavior\BuildLiteBehavior [ RunTime:0.000000s ]
INFO: [ app_init ] --END-- [ RunTime:0.001000s ]
INFO: [ app_begin ] --START--
INFO: Run Behavior\ReadHtmlCacheBehavior [ RunTime:0.002000s ]
INFO: [ app_begin ] --END-- [ RunTime:0.002000s ]
SQL: SHOW COLUMNS FROM `table_liuyan` [ RunTime:0.0030s ]
SQL: SELECT COUNT(*) AS tp_count FROM `table_liuyan` LIMIT 1   [ RunTime:0.0000s ]
SQL: SELECT * FROM `table_liuyan` ORDER BY id desc LIMIT 0,8   [ RunTime:0.0010s ]
INFO: [ view_parse ] --START--
INFO: [ template_filter ] --START--
INFO: Run Behavior\ContentReplaceBehavior [ RunTime:0.000000s ]
INFO: [ template_filter ] --END-- [ RunTime:0.000000s ]
INFO: Run Behavior\ParseTemplateBehavior [ RunTime:0.021000s ]
INFO: [ view_parse ] --END-- [ RunTime:0.021000s ]
INFO: [ view_filter ] --START--
INFO: Run Behavior\WriteHtmlCacheBehavior [ RunTime:0.001000s ]
INFO: [ view_filter ] --END-- [ RunTime:0.001000s ]
INFO: [ app_end ] --START--
INFO: Run Behavior\ShowPageTraceBehavior [ RunTime:0.001000s ]
INFO: [ app_end ] --END-- [ RunTime:0.002000s ]

[ 2016-04-29T10:54:35+08:00 ] 172.22.21.4 /ypicloud/Query/index.html
INFO: [ app_init ] --START--
INFO: Run Behavior\BuildLiteBehavior [ RunTime:0.000000s ]
INFO: [ app_init ] --END-- [ RunTime:0.001000s ]
INFO: [ app_begin ] --START--
INFO: Run Behavior\ReadHtmlCacheBehavior [ RunTime:0.000000s ]
INFO: [ app_begin ] --END-- [ RunTime:0.000000s ]
INFO: [ view_parse ] --START--
INFO: [ template_filter ] --START--
INFO: Run Behavior\ContentReplaceBehavior [ RunTime:0.000000s ]
INFO: [ template_filter ] --END-- [ RunTime:0.001000s ]
INFO: Run Behavior\ParseTemplateBehavior [ RunTime:0.014000s ]
INFO: [ view_parse ] --END-- [ RunTime:0.014000s ]
INFO: [ view_filter ] --START--
INFO: Run Behavior\WriteHtmlCacheBehavior [ RunTime:0.001000s ]
INFO: [ view_filter ] --END-- [ RunTime:0.001000s ]
INFO: [ app_end ] --START--
INFO: Run Behavior\ShowPageTraceBehavior [ RunTime:0.001000s ]
INFO: [ app_end ] --END-- [ RunTime:0.002000s ]

