[ 2016-05-27T13:52:20+08:00 ] ::1 /ypicloud/admin.php
INFO: [ app_init ] --START--
INFO: Run Behavior\BuildLiteBehavior [ RunTime:0.000000s ]
INFO: [ app_init ] --END-- [ RunTime:0.000000s ]
INFO: [ app_begin ] --START--
INFO: Run Behavior\ReadHtmlCacheBehavior [ RunTime:0.000000s ]
INFO: [ app_begin ] --END-- [ RunTime:0.001000s ]
SQL: SHOW COLUMNS FROM `table_jingli` [ RunTime:0.0330s ]
SQL: SELECT * FROM `table_jingli` WHERE ( username = 'zhangshuai' ) LIMIT 1   [ RunTime:0.0010s ]
SQL: SHOW COLUMNS FROM `table_user` [ RunTime:0.0300s ]
SQL: SELECT COUNT(*) AS tp_count FROM `table_user` LIMIT 1   [ RunTime:0.0000s ]
SQL: SHOW COLUMNS FROM `table_article` [ RunTime:0.0300s ]
SQL: SELECT COUNT(*) AS tp_count FROM `table_article` LIMIT 1   [ RunTime:0.0000s ]
SQL: SHOW COLUMNS FROM `table_liuyan` [ RunTime:0.0040s ]
SQL: SELECT COUNT(*) AS tp_count FROM `table_liuyan` LIMIT 1   [ RunTime:0.0010s ]
SQL: SHOW COLUMNS FROM `table_comment` [ RunTime:0.0510s ]
SQL: SELECT COUNT(*) AS tp_count FROM `table_comment` LIMIT 1   [ RunTime:0.0010s ]
INFO: [ view_parse ] --START--
INFO: [ template_filter ] --START--
INFO: Run Behavior\ContentReplaceBehavior [ RunTime:0.000000s ]
INFO: [ template_filter ] --END-- [ RunTime:0.000000s ]
NOTIC: [8] Undefined index: PROCESSOR_IDENTIFIER D:\AWamp\wamp\www\ypicloud\App\Runtime\Cache\Admin\9df924d9a2d217daa77a359c5bee0c33.php 第 359 行.
INFO: Run Behavior\ParseTemplateBehavior [ RunTime:0.041000s ]
INFO: [ view_parse ] --END-- [ RunTime:0.042000s ]
INFO: [ view_filter ] --START--
INFO: Run Behavior\WriteHtmlCacheBehavior [ RunTime:0.001000s ]
INFO: [ view_filter ] --END-- [ RunTime:0.001000s ]
INFO: [ app_end ] --START--
INFO: Run Behavior\ShowPageTraceBehavior [ RunTime:0.001000s ]
INFO: [ app_end ] --END-- [ RunTime:0.001000s ]

[ 2016-05-27T13:52:26+08:00 ] ::1 /ypicloud/admin.php?m=Admin&c=Article&a=index
INFO: [ app_init ] --START--
INFO: Run Behavior\BuildLiteBehavior [ RunTime:0.000000s ]
INFO: [ app_init ] --END-- [ RunTime:0.002000s ]
INFO: [ app_begin ] --START--
INFO: Run Behavior\ReadHtmlCacheBehavior [ RunTime:0.001000s ]
INFO: [ app_begin ] --END-- [ RunTime:0.001000s ]
SQL: SHOW COLUMNS FROM `table_jingli` [ RunTime:0.0050s ]
SQL: SELECT * FROM `table_jingli` WHERE ( username = 'zhangshuai' ) LIMIT 1   [ RunTime:0.0000s ]
SQL: SHOW COLUMNS FROM `table_article` [ RunTime:0.0040s ]
SQL: SELECT COUNT(*) AS tp_count FROM `table_article` WHERE ( status = 0 ) LIMIT 1   [ RunTime:0.0100s ]
SQL: SELECT * FROM `table_article` WHERE ( status = 0 ) ORDER BY id desc LIMIT 0,10   [ RunTime:0.0000s ]
INFO: [ view_parse ] --START--
INFO: [ template_filter ] --START--
INFO: Run Behavior\ContentReplaceBehavior [ RunTime:0.000000s ]
INFO: [ template_filter ] --END-- [ RunTime:0.001000s ]
INFO: Run Behavior\ParseTemplateBehavior [ RunTime:0.030000s ]
INFO: [ view_parse ] --END-- [ RunTime:0.030000s ]
INFO: [ view_filter ] --START--
INFO: Run Behavior\WriteHtmlCacheBehavior [ RunTime:0.000000s ]
INFO: [ view_filter ] --END-- [ RunTime:0.001000s ]
INFO: [ app_end ] --START--
INFO: Run Behavior\ShowPageTraceBehavior [ RunTime:0.001000s ]
INFO: [ app_end ] --END-- [ RunTime:0.001000s ]

[ 2016-05-27T13:52:27+08:00 ] ::1 /ypicloud/admin.php/Home/Article/index/id/48
INFO: [ app_init ] --START--
INFO: Run Behavior\BuildLiteBehavior [ RunTime:0.000000s ]
INFO: [ app_init ] --END-- [ RunTime:0.000000s ]
INFO: [ app_begin ] --START--
INFO: Run Behavior\ReadHtmlCacheBehavior [ RunTime:0.001000s ]
INFO: [ app_begin ] --END-- [ RunTime:0.001000s ]
ERR: 无法加载控制器:Home

[ 2016-05-27T14:50:49+08:00 ] ::1 /ypicloud/admin.php
INFO: [ app_init ] --START--
INFO: Run Behavior\BuildLiteBehavior [ RunTime:0.000000s ]
INFO: [ app_init ] --END-- [ RunTime:0.001000s ]
INFO: [ app_begin ] --START--
INFO: Run Behavior\ReadHtmlCacheBehavior [ RunTime:0.001000s ]
INFO: [ app_begin ] --END-- [ RunTime:0.001000s ]
SQL: SHOW COLUMNS FROM `table_jingli` [ RunTime:0.0050s ]
SQL: SELECT * FROM `table_jingli` WHERE ( username = 'zhangshuai' ) LIMIT 1   [ RunTime:0.0000s ]
SQL: SHOW COLUMNS FROM `table_user` [ RunTime:0.0050s ]
SQL: SELECT COUNT(*) AS tp_count FROM `table_user` LIMIT 1   [ RunTime:0.0010s ]
SQL: SHOW COLUMNS FROM `table_article` [ RunTime:0.0050s ]
SQL: SELECT COUNT(*) AS tp_count FROM `table_article` LIMIT 1   [ RunTime:0.0000s ]
SQL: SHOW COLUMNS FROM `table_liuyan` [ RunTime:0.0040s ]
SQL: SELECT COUNT(*) AS tp_count FROM `table_liuyan` LIMIT 1   [ RunTime:0.0000s ]
SQL: SHOW COLUMNS FROM `table_comment` [ RunTime:0.0060s ]
SQL: SELECT COUNT(*) AS tp_count FROM `table_comment` LIMIT 1   [ RunTime:0.0010s ]
INFO: [ view_parse ] --START--
INFO: [ template_filter ] --START--
INFO: Run Behavior\ContentReplaceBehavior [ RunTime:0.000000s ]
INFO: [ template_filter ] --END-- [ RunTime:0.001000s ]
NOTIC: [8] Undefined index: PROCESSOR_IDENTIFIER D:\AWamp\wamp\www\ypicloud\App\Runtime\Cache\Admin\9df924d9a2d217daa77a359c5bee0c33.php 第 359 行.
INFO: Run Behavior\ParseTemplateBehavior [ RunTime:0.039000s ]
INFO: [ view_parse ] --END-- [ RunTime:0.039000s ]
INFO: [ view_filter ] --START--
INFO: Run Behavior\WriteHtmlCacheBehavior [ RunTime:0.000000s ]
INFO: [ view_filter ] --END-- [ RunTime:0.000000s ]
INFO: [ app_end ] --START--
INFO: Run Behavior\ShowPageTraceBehavior [ RunTime:0.001000s ]
INFO: [ app_end ] --END-- [ RunTime:0.001000s ]

