[ 2016-05-14T14:06:42+08:00 ] ::1 /ypicloud/admin.php
INFO: [ app_init ] --START--
INFO: Run Behavior\BuildLiteBehavior [ RunTime:0.000000s ]
INFO: [ app_init ] --END-- [ RunTime:0.002000s ]
INFO: [ app_begin ] --START--
INFO: Run Behavior\ReadHtmlCacheBehavior [ RunTime:0.002000s ]
INFO: [ app_begin ] --END-- [ RunTime:0.003000s ]
SQL: SHOW COLUMNS FROM `table_jingli` [ RunTime:0.3540s ]
NOTIC: [8] Undefined index: username D:\AWamp\wamp\www\ypicloud\App\Admin\Controller\CommonController.class.php 第 10 行.
SQL: SELECT * FROM `table_jingli` WHERE ( username = '%s' ) LIMIT 1   [ RunTime:0.0820s ]
NOTIC: [8] Undefined index: username D:\AWamp\wamp\www\ypicloud\App\Admin\Controller\CommonController.class.php 第 11 行.
INFO: [ view_parse ] --START--
INFO: [ template_filter ] --START--
INFO: Run Behavior\ContentReplaceBehavior [ RunTime:0.000000s ]
INFO: [ template_filter ] --END-- [ RunTime:0.000000s ]
INFO: Run Behavior\ParseTemplateBehavior [ RunTime:0.043000s ]
INFO: [ view_parse ] --END-- [ RunTime:0.043000s ]
INFO: [ view_filter ] --START--
INFO: Run Behavior\WriteHtmlCacheBehavior [ RunTime:0.015000s ]
INFO: [ view_filter ] --END-- [ RunTime:0.015000s ]

