[ 2016-05-12T17:10:26+08:00 ] ::1 /ypicloud/admin.php
INFO: [ app_init ] --START--
INFO: Run Behavior\BuildLiteBehavior [ RunTime:0.000000s ]
INFO: [ app_init ] --END-- [ RunTime:0.002000s ]
INFO: [ app_begin ] --START--
INFO: Run Behavior\ReadHtmlCacheBehavior [ RunTime:0.001000s ]
INFO: [ app_begin ] --END-- [ RunTime:0.002000s ]
SQL: SHOW COLUMNS FROM `table_jingli` [ RunTime:0.0300s ]
NOTIC: [8] Undefined index: username D:\AWamp\wamp\www\ypicloud\App\Admin\Controller\CommonController.class.php 第 10 行.
SQL: SELECT * FROM `table_jingli` WHERE ( username = '%s' ) LIMIT 1   [ RunTime:0.0010s ]
NOTIC: [8] Undefined index: username D:\AWamp\wamp\www\ypicloud\App\Admin\Controller\CommonController.class.php 第 11 行.
INFO: [ view_parse ] --START--
INFO: [ template_filter ] --START--
INFO: Run Behavior\ContentReplaceBehavior [ RunTime:0.021000s ]
INFO: [ template_filter ] --END-- [ RunTime:0.022000s ]
INFO: Run Behavior\ParseTemplateBehavior [ RunTime:0.054000s ]
INFO: [ view_parse ] --END-- [ RunTime:0.054000s ]
INFO: [ view_filter ] --START--
INFO: Run Behavior\WriteHtmlCacheBehavior [ RunTime:0.001000s ]
INFO: [ view_filter ] --END-- [ RunTime:0.002000s ]

[ 2016-05-12T17:10:29+08:00 ] ::1 /ypicloud/admin.php?m=Admin&c=Login&a=login
INFO: [ app_init ] --START--
INFO: Run Behavior\BuildLiteBehavior [ RunTime:0.000000s ]
INFO: [ app_init ] --END-- [ RunTime:0.002000s ]
INFO: [ app_begin ] --START--
INFO: Run Behavior\ReadHtmlCacheBehavior [ RunTime:0.000000s ]
INFO: [ app_begin ] --END-- [ RunTime:0.001000s ]
INFO: [ view_parse ] --START--
INFO: [ template_filter ] --START--
INFO: Run Behavior\ContentReplaceBehavior [ RunTime:0.000000s ]
INFO: [ template_filter ] --END-- [ RunTime:0.001000s ]
INFO: Run Behavior\ParseTemplateBehavior [ RunTime:0.009000s ]
INFO: [ view_parse ] --END-- [ RunTime:0.009000s ]
INFO: [ view_filter ] --START--
INFO: Run Behavior\WriteHtmlCacheBehavior [ RunTime:0.000000s ]
INFO: [ view_filter ] --END-- [ RunTime:0.000000s ]
INFO: [ app_end ] --START--
INFO: Run Behavior\ShowPageTraceBehavior [ RunTime:0.000000s ]
INFO: [ app_end ] --END-- [ RunTime:0.001000s ]

[ 2016-05-12T17:14:36+08:00 ] ::1 /ypicloud/admin.php?m=Admin&c=Login&a=checklogin
INFO: [ app_init ] --START--
INFO: Run Behavior\BuildLiteBehavior [ RunTime:0.000000s ]
INFO: [ app_init ] --END-- [ RunTime:0.001000s ]
INFO: [ app_begin ] --START--
INFO: Run Behavior\ReadHtmlCacheBehavior [ RunTime:0.001000s ]
INFO: [ app_begin ] --END-- [ RunTime:0.001000s ]
SQL: SHOW COLUMNS FROM `table_jingli` [ RunTime:0.0040s ]
SQL: SELECT * FROM `table_jingli` WHERE ( username='zhangshuai' AND password='3e532dc8fbb8ee06542409b3d6734db3' AND kouling='zhangs' AND status ='0' ) LIMIT 1   [ RunTime:0.0000s ]
INFO: [ view_parse ] --START--
INFO: [ template_filter ] --START--
INFO: Run Behavior\ContentReplaceBehavior [ RunTime:0.000000s ]
INFO: [ template_filter ] --END-- [ RunTime:0.000000s ]
INFO: Run Behavior\ParseTemplateBehavior [ RunTime:0.009000s ]
INFO: [ view_parse ] --END-- [ RunTime:0.009000s ]
INFO: [ view_filter ] --START--
INFO: Run Behavior\WriteHtmlCacheBehavior [ RunTime:0.001000s ]
INFO: [ view_filter ] --END-- [ RunTime:0.001000s ]
INFO: [ app_end ] --START--
INFO: Run Behavior\ShowPageTraceBehavior [ RunTime:0.001000s ]
INFO: [ app_end ] --END-- [ RunTime:0.001000s ]

[ 2016-05-12T17:14:40+08:00 ] ::1 /ypicloud/admin.php?m=Admin&c=Index&a=index
INFO: [ app_init ] --START--
INFO: Run Behavior\BuildLiteBehavior [ RunTime:0.000000s ]
INFO: [ app_init ] --END-- [ RunTime:0.001000s ]
INFO: [ app_begin ] --START--
INFO: Run Behavior\ReadHtmlCacheBehavior [ RunTime:0.001000s ]
INFO: [ app_begin ] --END-- [ RunTime:0.001000s ]
SQL: SHOW COLUMNS FROM `table_jingli` [ RunTime:0.0040s ]
SQL: SELECT * FROM `table_jingli` WHERE ( username = 'zhangshuai' ) LIMIT 1   [ RunTime:0.0010s ]
SQL: SHOW COLUMNS FROM `table_user` [ RunTime:0.0030s ]
SQL: SELECT COUNT(*) AS tp_count FROM `table_user` LIMIT 1   [ RunTime:0.0000s ]
SQL: SHOW COLUMNS FROM `table_article` [ RunTime:0.0030s ]
SQL: SELECT COUNT(*) AS tp_count FROM `table_article` LIMIT 1   [ RunTime:0.0000s ]
SQL: SHOW COLUMNS FROM `table_liuyan` [ RunTime:0.0040s ]
SQL: SELECT COUNT(*) AS tp_count FROM `table_liuyan` LIMIT 1   [ RunTime:0.0000s ]
SQL: SHOW COLUMNS FROM `table_comment` [ RunTime:0.0030s ]
SQL: SELECT COUNT(*) AS tp_count FROM `table_comment` LIMIT 1   [ RunTime:0.0000s ]
INFO: [ view_parse ] --START--
INFO: [ template_filter ] --START--
INFO: Run Behavior\ContentReplaceBehavior [ RunTime:0.001000s ]
INFO: [ template_filter ] --END-- [ RunTime:0.001000s ]
NOTIC: [8] Undefined index: PROCESSOR_IDENTIFIER D:\AWamp\wamp\www\ypicloud\App\Runtime\Cache\Admin\9df924d9a2d217daa77a359c5bee0c33.php 第 359 行.
INFO: Run Behavior\ParseTemplateBehavior [ RunTime:0.088000s ]
INFO: [ view_parse ] --END-- [ RunTime:0.088000s ]
INFO: [ view_filter ] --START--
INFO: Run Behavior\WriteHtmlCacheBehavior [ RunTime:0.001000s ]
INFO: [ view_filter ] --END-- [ RunTime:0.001000s ]
INFO: [ app_end ] --START--
INFO: Run Behavior\ShowPageTraceBehavior [ RunTime:0.002000s ]
INFO: [ app_end ] --END-- [ RunTime:0.002000s ]

